0 info it worked if it ends with ok
1 verbose cli [ '/usr/local/Cellar/node/11.3.0_1/bin/node',
1 verbose cli   '/usr/local/bin/npm',
1 verbose cli   'start' ]
2 info using npm@3.10.8
3 info using node@v11.3.0
4 verbose run-script [ 'prestart', 'start', 'poststart' ]
5 info lifecycle combo-dashboard@1.0.0~prestart: combo-dashboard@1.0.0
6 silly lifecycle combo-dashboard@1.0.0~prestart: no script for prestart, continuing
7 info lifecycle combo-dashboard@1.0.0~start: combo-dashboard@1.0.0
8 verbose lifecycle combo-dashboard@1.0.0~start: unsafe-perm in lifecycle true
9 verbose lifecycle combo-dashboard@1.0.0~start: PATH: /usr/local/lib/node_modules/npm/bin/node-gyp-bin:/Users/matt.weber/Documents/Research/React/combo-dashboard/node_modules/.bin:/usr/local/Cellar/node/11.3.0_1/bin:/opt/local/bin:/opt/local/sbin:/usr/local/sbin:/usr/local/bin:/usr/bin:/bin:/usr/sbin:/sbin:/opt/X11/bin:/Library/TeX/texbin:/Applications/Wireshark.app/Contents/MacOS
10 verbose lifecycle combo-dashboard@1.0.0~start: CWD: /Users/matt.weber/Documents/Research/React/combo-dashboard
11 silly lifecycle combo-dashboard@1.0.0~start: Args: [ '-c',
11 silly lifecycle   'webpack-dev-server --config ./webpack.config.js --mode development' ]
12 info lifecycle combo-dashboard@1.0.0~start: Failed to exec start script
13 verbose stack Error: combo-dashboard@1.0.0 start: `webpack-dev-server --config ./webpack.config.js --mode development`
13 verbose stack spawn ENOENT
13 verbose stack     at ChildProcess.<anonymous> (/usr/local/lib/node_modules/npm/lib/utils/spawn.js:33:16)
13 verbose stack     at ChildProcess.emit (events.js:182:13)
13 verbose stack     at maybeClose (internal/child_process.js:978:16)
13 verbose stack     at Process.ChildProcess._handle.onexit (internal/child_process.js:265:5)
14 verbose pkgid combo-dashboard@1.0.0
15 verbose cwd /Users/matt.weber/Documents/Research/React/combo-dashboard/src
16 error Darwin 15.6.0
17 error argv "/usr/local/Cellar/node/11.3.0_1/bin/node" "/usr/local/bin/npm" "start"
18 error node v11.3.0
19 error npm  v3.10.8
20 error file sh
21 error code ELIFECYCLE
22 error errno ENOENT
23 error syscall spawn
24 error combo-dashboard@1.0.0 start: `webpack-dev-server --config ./webpack.config.js --mode development`
24 error spawn ENOENT
25 error Failed at the combo-dashboard@1.0.0 start script 'webpack-dev-server --config ./webpack.config.js --mode development'.
25 error Make sure you have the latest version of node.js and npm installed.
25 error If you do, this is most likely a problem with the combo-dashboard package,
25 error not with npm itself.
25 error Tell the author that this fails on your system:
25 error     webpack-dev-server --config ./webpack.config.js --mode development
25 error You can get information on how to open an issue for this project with:
25 error     npm bugs combo-dashboard
25 error Or if that isn't available, you can get their info via:
25 error     npm owner ls combo-dashboard
25 error There is likely additional logging output above.
26 verbose exit [ 1, true ]
